<?xml version="1.0" encoding="UTF-8"?>
<!-- Generated by org.testng.reporters.JUnitXMLReporter -->
<testsuite ignored="2" hostname="W5CG0270ZTJ" failures="0" tests="2" name="Admin Section Tests(failed)" time="99.311" errors="0" timestamp="2023-04-03T08:19:15 CEST">
  <testcase classname="Tietoevry.VIEW.AdminMessagePageTests" name="test_Create_Global_Alert_Message" time="37.544"/>
  <testcase classname="Tietoevry.VIEW.AdminMessagePageTests" name="test_Stop_Global_Alert_Message" time="10.745"/>
  <testcase classname="Tietoevry.VIEW.AdminMessagePageTests" name="test_Create_Internal_Admin_Message_With_Alert" time="0.0">
    <ignored/>
  </testcase> <!-- test_Create_Internal_Admin_Message_With_Alert -->
  <testcase classname="Tietoevry.VIEW.AdminMessagePageTests" name="test_Create_Internal_Admin_Message_Without_Alert" time="0.0">
    <ignored/>
  </testcase> <!-- test_Create_Internal_Admin_Message_Without_Alert -->
</testsuite> <!-- Admin Section Tests(failed) -->
