<?xml version="1.0" encoding="UTF-8"?>
<!-- Generated by org.testng.reporters.JUnitXMLReporter -->
<testsuite ignored="0" hostname="W5CG0270ZTJ" failures="0" tests="2" name="Customer Section Tests(failed)" time="69.517" errors="0" timestamp="2023-03-31T09:16:16 CEST">
  <testcase classname="Tietoevry.VIEW.CustomerCloudUserPageTests" name="test_Verify_Cloud_Customer_User_Page_Displayed_Correctly" time="11.973"/>
  <testcase classname="Tietoevry.VIEW.CustomerCloudUserPageTests" name="test_Verify_Cloud_Customer_User_Page_Create_New_User" time="27.955"/>
</testsuite> <!-- Customer Section Tests(failed) -->
