<?xml version="1.0" encoding="UTF-8"?>
<!-- Generated by org.testng.reporters.JUnitXMLReporter -->
<testsuite ignored="21" hostname="W5CG0270ZTJ" failures="0" tests="5" name="Admin Section Tests" time="189.085" errors="0" timestamp="2023-04-03T08:38:03 CEST">
  <testcase classname="Tietoevry.VIEW.AdminSupportBrickTest" name="test_Navigation_From_Support_Brick_As_CustomerAdmin" time="51.91"/>
  <testcase classname="Tietoevry.VIEW.AdminCustomerMessagePageTests" name="test_Add_New_Customer_Message" time="26.27"/>
  <testcase classname="Tietoevry.VIEW.AdminCustomerMessagePageTests" name="test_Stop_NewlyAdded_Customer_Message" time="10.88"/>
  <testcase classname="Tietoevry.VIEW.AdminDashboardPageTests" name="test_Verify_Admin_Dashborad_Page_Displayed_Correctly" time="16.983"/>
  <testcase classname="Tietoevry.VIEW.AdminCloudLoginPageTests" name="test_Admin_Valid_Login" time="5.992"/>
  <testcase classname="Tietoevry.VIEW.AdminSupportBrickTest" name="test_Navigation_From_Support_Brick_As_User" time="0.0">
    <ignored/>
  </testcase> <!-- test_Navigation_From_Support_Brick_As_User -->
  <testcase classname="testcomponents.BaseTest" name="@AfterSuite terminateTest" time="0.0">
    <ignored/>
  </testcase> <!-- @AfterSuite terminateTest -->
  <testcase classname="Tietoevry.VIEW.AdminOperationalMessageTests" name="test_Alert_Operational_Message_Is_Displayed_In_Customer_Section" time="0.0">
    <ignored/>
  </testcase> <!-- test_Alert_Operational_Message_Is_Displayed_In_Customer_Section -->
  <testcase classname="testcomponents.BaseTest" name="@AfterSuite terminateTest" time="0.0">
    <ignored/>
  </testcase> <!-- @AfterSuite terminateTest -->
  <testcase classname="testcomponents.BaseTest" name="@AfterSuite terminateTest" time="0.0">
    <ignored/>
  </testcase> <!-- @AfterSuite terminateTest -->
  <testcase classname="Tietoevry.VIEW.AdminMessagePageTests" name="test_Create_Internal_Admin_Message_With_Alert" time="0.0">
    <ignored/>
  </testcase> <!-- test_Create_Internal_Admin_Message_With_Alert -->
  <testcase classname="Tietoevry.VIEW.AdminDashboardPageTests" name="test_Verify_Admin_Search_And_Open_Customer" time="0.0">
    <ignored/>
  </testcase> <!-- test_Verify_Admin_Search_And_Open_Customer -->
  <testcase classname="Tietoevry.VIEW.AdminCloudLoginPageTests" name="test_Admin_Login_Without_UserName" time="0.0">
    <ignored/>
  </testcase> <!-- test_Admin_Login_Without_UserName -->
  <testcase classname="Tietoevry.VIEW.AdminOperationalMessageTests" name="test_Add_New_Alert_Operational_Message" time="0.0">
    <ignored/>
  </testcase> <!-- test_Add_New_Alert_Operational_Message -->
  <testcase classname="Tietoevry.VIEW.AdminOperationalMessageTests" name="test_Stop_NewlyAdded_Alert_Operational_Message" time="0.0">
    <ignored/>
  </testcase> <!-- test_Stop_NewlyAdded_Alert_Operational_Message -->
  <testcase classname="Tietoevry.VIEW.AdminSupportBrickTest" name="test_Navigation_From_Support_Brick_As_SuperUser" time="0.0">
    <ignored/>
  </testcase> <!-- test_Navigation_From_Support_Brick_As_SuperUser -->
  <testcase classname="Tietoevry.VIEW.AdminCloudLoginPageTests" name="test_Admin_Login_With_Invalid_UserName" time="0.0">
    <ignored/>
  </testcase> <!-- test_Admin_Login_With_Invalid_UserName -->
  <testcase classname="testcomponents.BaseTest" name="@AfterSuite terminateTest" time="0.0">
    <ignored/>
  </testcase> <!-- @AfterSuite terminateTest -->
  <testcase classname="Tietoevry.VIEW.AdminMessagePageTests" name="test_Create_Internal_Admin_Message_Without_Alert" time="0.0">
    <ignored/>
  </testcase> <!-- test_Create_Internal_Admin_Message_Without_Alert -->
  <testcase classname="Tietoevry.VIEW.AdminCloudLoginPageTests" name="test_Admin_Login_With_Invalid_Password" time="0.0">
    <ignored/>
  </testcase> <!-- test_Admin_Login_With_Invalid_Password -->
  <testcase classname="testcomponents.BaseTest" name="@AfterSuite terminateTest" time="0.0">
    <ignored/>
  </testcase> <!-- @AfterSuite terminateTest -->
  <testcase classname="Tietoevry.VIEW.AdminCloudLoginPageTests" name="test_Admin_Login_Without_Password" time="0.0">
    <ignored/>
  </testcase> <!-- test_Admin_Login_Without_Password -->
  <testcase classname="testcomponents.BaseTest" name="@AfterSuite terminateTest" time="0.0">
    <ignored/>
  </testcase> <!-- @AfterSuite terminateTest -->
  <testcase classname="Tietoevry.VIEW.AdminMessagePageTests" name="test_Stop_Global_Alert_Message" time="0.0">
    <ignored/>
  </testcase> <!-- test_Stop_Global_Alert_Message -->
  <testcase classname="Tietoevry.VIEW.AdminServiceStatusPageTests" name="test_All_Services_Up" time="0.0">
    <ignored/>
  </testcase> <!-- test_All_Services_Up -->
  <testcase classname="Tietoevry.VIEW.AdminMessagePageTests" name="test_Create_Global_Alert_Message" time="0.0">
    <ignored/>
  </testcase> <!-- test_Create_Global_Alert_Message -->
</testsuite> <!-- Admin Section Tests -->
