<?xml version="1.0" encoding="UTF-8"?>
<!-- Generated by org.testng.reporters.JUnitXMLReporter -->
<testsuite ignored="16" hostname="W5CG0270ZTJ" failures="0" tests="13" name="Customer Section Tests" time="345.572" errors="0" timestamp="2023-04-03T08:43:49 CEST">
  <testcase classname="Tietoevry.VIEW.CustomerMyProfilePageTests" name="test_Verify_Customer_MyProfile_Page_Opens_Correctly" time="19.228"/>
  <testcase classname="Tietoevry.VIEW.CustomerPSD2ReportPageTests" name="test_Verify_Customer_PSD2_Report_Page_Opens_Correctly" time="19.347"/>
  <testcase classname="Tietoevry.VIEW.CustomerServiceCataloguePageTests" name="test_Verify_Customer_ServiceCatalogue_Page_Opens_Correctly" time="32.377"/>
  <testcase classname="Tietoevry.VIEW.CustomerSlaReportPageTests" name="test_Verify_Customer_Sla_Report_Page_Opens_Correctly" time="32.353"/>
  <testcase classname="Tietoevry.VIEW.CustomerServiceDeskPageTests" name="test_Verify_Customer_ServiceDesk_Page_Opens_Correctly" time="32.109"/>
  <testcase classname="Tietoevry.VIEW.CustomerCloudUserPageTests" name="test_Verify_Cloud_Customer_User_Page_Displayed_Correctly" time="17.698"/>
  <testcase classname="Tietoevry.VIEW.CustomerWebServiceStatisticsPageTests" name="test_Verify_Customer_Web_Service_Statistics_Page_Opens_Correctly" time="22.052"/>
  <testcase classname="Tietoevry.VIEW.CustomerCertificatePageTests" name="test_Verify_Customer_Certificate_Page_Displayed_Properly" time="17.145"/>
  <testcase classname="Tietoevry.VIEW.CustomerDocumentsPageTests" name="test_Verify_Documents_Page_Opens_Correctly" time="21.301"/>
  <testcase classname="Tietoevry.VIEW.CustomerCloudDashboardPageTests" name="test_Verify_Cloud_CustomerDashborad_Page_Displayed_Correctly" time="16.564"/>
  <testcase classname="Tietoevry.VIEW.CustomerAPIAndEventCataloguePageTests" name="test_Verify_Customer_ApiAndEventCatalogue_Page_Opens_Correctly" time="17.607"/>
  <testcase classname="Tietoevry.VIEW.CustomerMessagesPageTests" name="test_Verify_Customer_Message_Page_Opens_Correctly" time="17.317"/>
  <testcase classname="Tietoevry.VIEW.CustomerScorecardPageTests" name="test_Verify_Customer_Scorecard_Page_Opens_Correctly" time="17.154"/>
  <testcase classname="testcomponents.BaseTest" name="@AfterSuite terminateTest" time="0.0">
    <ignored/>
  </testcase> <!-- @AfterSuite terminateTest -->
  <testcase classname="testcomponents.BaseTest" name="@AfterSuite terminateTest" time="0.0">
    <ignored/>
  </testcase> <!-- @AfterSuite terminateTest -->
  <testcase classname="testcomponents.BaseTest" name="@AfterSuite terminateTest" time="0.0">
    <ignored/>
  </testcase> <!-- @AfterSuite terminateTest -->
  <testcase classname="testcomponents.BaseTest" name="@AfterSuite terminateTest" time="0.0">
    <ignored/>
  </testcase> <!-- @AfterSuite terminateTest -->
  <testcase classname="testcomponents.BaseTest" name="@AfterSuite terminateTest" time="0.0">
    <ignored/>
  </testcase> <!-- @AfterSuite terminateTest -->
  <testcase classname="testcomponents.BaseTest" name="@AfterSuite terminateTest" time="0.0">
    <ignored/>
  </testcase> <!-- @AfterSuite terminateTest -->
  <testcase classname="testcomponents.BaseTest" name="@AfterSuite terminateTest" time="0.0">
    <ignored/>
  </testcase> <!-- @AfterSuite terminateTest -->
  <testcase classname="testcomponents.BaseTest" name="@AfterSuite terminateTest" time="0.0">
    <ignored/>
  </testcase> <!-- @AfterSuite terminateTest -->
  <testcase classname="testcomponents.BaseTest" name="@AfterSuite terminateTest" time="0.0">
    <ignored/>
  </testcase> <!-- @AfterSuite terminateTest -->
  <testcase classname="Tietoevry.VIEW.CustomerCloudUserPageTests" name="test_Verify_Cloud_Customer_User_Page_Create_New_User" time="0.0">
    <ignored/>
  </testcase> <!-- test_Verify_Cloud_Customer_User_Page_Create_New_User -->
  <testcase classname="testcomponents.BaseTest" name="@AfterSuite terminateTest" time="0.0">
    <ignored/>
  </testcase> <!-- @AfterSuite terminateTest -->
  <testcase classname="Tietoevry.VIEW.CustomerMonitoringPageTests" name="test_Verify_Customer_Monitoring_Page_Opens_Correctly" time="0.0">
    <ignored/>
  </testcase> <!-- test_Verify_Customer_Monitoring_Page_Opens_Correctly -->
  <testcase classname="testcomponents.BaseTest" name="@AfterSuite terminateTest" time="0.0">
    <ignored/>
  </testcase> <!-- @AfterSuite terminateTest -->
  <testcase classname="testcomponents.BaseTest" name="@AfterSuite terminateTest" time="0.0">
    <ignored/>
  </testcase> <!-- @AfterSuite terminateTest -->
  <testcase classname="testcomponents.BaseTest" name="@AfterSuite terminateTest" time="0.0">
    <ignored/>
  </testcase> <!-- @AfterSuite terminateTest -->
  <testcase classname="Tietoevry.VIEW.CustomerServiceDeskPageTests" name="test_Verify_Customer_ServiceDesk_Page_Create_New_Ticket" time="0.0">
    <ignored/>
  </testcase> <!-- test_Verify_Customer_ServiceDesk_Page_Create_New_Ticket -->
</testsuite> <!-- Customer Section Tests -->
